Determining if the pthread_create exist failed with the following output:
Change Dir: /home/arkin/ros_code/matrix_camera/mv_camera/build/CMakeFiles/CMakeTmp

Run Build Command:/usr/bin/make "cmTryCompileExec2613813411/fast"
make[1]: Entering directory `/home/arkin/ros_code/matrix_camera/mv_camera/build/CMakeFiles/CMakeTmp'
/usr/bin/make -f CMakeFiles/cmTryCompileExec2613813411.dir/build.make CMakeFiles/cmTryCompileExec2613813411.dir/build
make[2]: Entering directory `/home/arkin/ros_code/matrix_camera/mv_camera/build/CMakeFiles/CMakeTmp'
/usr/bin/cmake -E cmake_progress_report /home/arkin/ros_code/matrix_camera/mv_camera/build/CMakeFiles/CMakeTmp/CMakeFiles 1
Building C object CMakeFiles/cmTryCompileExec2613813411.dir/CheckSymbolExists.c.o
/usr/bin/cc    -o CMakeFiles/cmTryCompileExec2613813411.dir/CheckSymbolExists.c.o   -c /home/arkin/ros_code/matrix_camera/mv_camera/build/CMakeFiles/CMakeTmp/CheckSymbolExists.c
Linking C executable cmTryCompileExec2613813411
/usr/bin/cmake -E cmake_link_script CMakeFiles/cmTryCompileExec2613813411.dir/link.txt --verbose=1
/usr/bin/cc       CMakeFiles/cmTryCompileExec2613813411.dir/CheckSymbolExists.c.o  -o cmTryCompileExec2613813411 -rdynamic 
CMakeFiles/cmTryCompileExec2613813411.dir/CheckSymbolExists.c.o: In function `main':
CheckSymbolExists.c:(.text+0x16): undefined reference to `pthread_create'
collect2: error: ld returned 1 exit status
make[2]: *** [cmTryCompileExec2613813411] Error 1
make[2]: Leaving directory `/home/arkin/ros_code/matrix_camera/mv_camera/build/CMakeFiles/CMakeTmp'
make[1]: *** [cmTryCompileExec2613813411/fast] Error 2
make[1]: Leaving directory `/home/arkin/ros_code/matrix_camera/mv_camera/build/CMakeFiles/CMakeTmp'

File /home/arkin/ros_code/matrix_camera/mv_camera/build/CMakeFiles/CMakeTmp/CheckSymbolExists.c:
/* */
#include <pthread.h>

int main(int argc, char** argv)
{
  (void)argv;
#ifndef pthread_create
  return ((int*)(&pthread_create))[argc];
#else
  (void)argc;
  return 0;
#endif
}

Determining if the function pthread_create exists in the pthreads failed with the following output:
Change Dir: /home/arkin/ros_code/matrix_camera/mv_camera/build/CMakeFiles/CMakeTmp

Run Build Command:/usr/bin/make "cmTryCompileExec1407804070/fast"
make[1]: Entering directory `/home/arkin/ros_code/matrix_camera/mv_camera/build/CMakeFiles/CMakeTmp'
/usr/bin/make -f CMakeFiles/cmTryCompileExec1407804070.dir/build.make CMakeFiles/cmTryCompileExec1407804070.dir/build
make[2]: Entering directory `/home/arkin/ros_code/matrix_camera/mv_camera/build/CMakeFiles/CMakeTmp'
/usr/bin/cmake -E cmake_progress_report /home/arkin/ros_code/matrix_camera/mv_camera/build/CMakeFiles/CMakeTmp/CMakeFiles 1
Building C object CMakeFiles/cmTryCompileExec1407804070.dir/CheckFunctionExists.c.o
/usr/bin/cc   -DCHECK_FUNCTION_EXISTS=pthread_create   -o CMakeFiles/cmTryCompileExec1407804070.dir/CheckFunctionExists.c.o   -c /usr/share/cmake-2.8/Modules/CheckFunctionExists.c
Linking C executable cmTryCompileExec1407804070
/usr/bin/cmake -E cmake_link_script CMakeFiles/cmTryCompileExec1407804070.dir/link.txt --verbose=1
/usr/bin/cc   -DCHECK_FUNCTION_EXISTS=pthread_create    CMakeFiles/cmTryCompileExec1407804070.dir/CheckFunctionExists.c.o  -o cmTryCompileExec1407804070 -rdynamic -lpthreads 
/usr/bin/ld: cannot find -lpthreads
collect2: error: ld returned 1 exit status
make[2]: *** [cmTryCompileExec1407804070] Error 1
make[2]: Leaving directory `/home/arkin/ros_code/matrix_camera/mv_camera/build/CMakeFiles/CMakeTmp'
make[1]: *** [cmTryCompileExec1407804070/fast] Error 2
make[1]: Leaving directory `/home/arkin/ros_code/matrix_camera/mv_camera/build/CMakeFiles/CMakeTmp'


